<?xml version="1.0" encoding="UTF-8"?>
<!-- Generated by org.testng.reporters.JUnitReportReporter -->
<testsuite hostname="DESKTOP-FQPIC8Q" failures="0" tests="2" name="test.StepDef_UI" time="5.374" errors="0" timestamp="22 Apr 2021 12:09:58 GMT" skipped="0">
  <testcase classname="test.StepDef_UI" name="TweetWithValidText" time="5.371"/>
  <testcase classname="test.StepDef_UI" name="Test" time="0.003"/>
</testsuite> <!-- test.StepDef_UI -->
