<?xml version="1.0" encoding="UTF-8"?>
<!-- Generated by org.testng.reporters.JUnitReportReporter -->
<testsuite hostname="DESKTOP-FQPIC8Q" failures="0" tests="1" name="com.qa.test.TestClass" time="0.022" errors="0" timestamp="22 Apr 2021 10:57:54 GMT" skipped="0">
  <testcase classname="com.qa.test.TestClass" name="sum" time="0.022"/>
</testsuite> <!-- com.qa.test.TestClass -->
