<?xml version="1.0" encoding="UTF-8"?>
<!-- Generated by org.testng.reporters.JUnitReportReporter -->
<testsuite hostname="DESKTOP-FQPIC8Q" failures="0" tests="6" name="test.Tests" time="63.148" errors="0" timestamp="22 Apr 2021 18:19:52 GMT" skipped="0">
  <testcase classname="test.Tests" name="TweetWithMoreThanMaxLength" time="13.854"/>
  <testcase classname="test.Tests" name="TweetWithValidText" time="7.437"/>
  <testcase classname="test.Tests" name="TestAddingPoll" time="9.933"/>
  <testcase classname="test.Tests" name="TweetWithValidTweetTwice" time="8.013"/>
  <testcase classname="test.Tests" name="TweetWithValidGif" time="12.041"/>
  <testcase classname="test.Tests" name="TweetWithInvalidFileType" time="11.870"/>
</testsuite> <!-- test.Tests -->
